<?xml version="1.0" encoding="UTF-8"?>
<!-- Generated by org.testng.reporters.JUnitXMLReporter -->
<testsuite hostname="LAPTOP-1OR5D2CT" name="TestExcel" tests="1" failures="0" timestamp="3 Jan 2018 06:23:02 GMT" time="0.751" errors="0">
  <testcase name="@AfterTest afterTest" time="0.0" classname="wdMethods.CreateLead">
    <failure type="java.lang.NullPointerException">
      <![CDATA[java.lang.NullPointerException
	at wdMethods.SeMethods.closeAllBrowsers(SeMethods.java:261)
	at wdMethods.LeafTapsLogin.afterTest(LeafTapsLogin.java:79)
... Removed 22 stack frames]]>
    </failure>
  </testcase> <!-- @AfterTest afterTest -->
  <testcase name="createLead" time="0.0" classname="wdMethods.CreateLead">
    <skipped/>
  </testcase> <!-- createLead -->
</testsuite> <!-- TestExcel -->
